<?xml version="1.0" encoding="UTF-8"?>
<!-- Generated by org.testng.reporters.JUnitReportReporter -->
<testsuite hostname="DESKTOP-OIBG8HT" failures="0" tests="1" name="testCases.TC_0001_EventCreateDelete" time="25.549" errors="0" timestamp="2023-11-29T10:41:41 IST" skipped="0">
  <testcase classname="testCases.TC_0001_EventCreateDelete" name="tesEeventCreationDeletion" time="25.549"/>
</testsuite> <!-- testCases.TC_0001_EventCreateDelete -->
