<?xml version="1.0" encoding="UTF-8"?>
<!-- Generated by org.testng.reporters.JUnitReportReporter -->
<testsuite hostname="DESKTOP-OIBG8HT" failures="0" tests="1" name="testCases.TC_0002_RegisterNewAdmin" time="10.467" errors="0" timestamp="2023-11-22T16:28:10 IST" skipped="0">
  <testcase classname="testCases.TC_0002_RegisterNewAdmin" name="testNewAdminCreation" time="10.467"/>
</testsuite> <!-- testCases.TC_0002_RegisterNewAdmin -->
