<?xml version="1.0" encoding="UTF-8"?>
<!-- Generated by org.testng.reporters.JUnitReportReporter -->
<testsuite hostname="DESKTOP-OIBG8HT" failures="0" tests="1" name="testCases.TC_0001_EventCreateDelete" time="20.297" errors="0" timestamp="2023-11-29T15:07:51 IST" skipped="0">
  <testcase classname="testCases.TC_0001_EventCreateDelete" name="tesEeventCreationDeletion" time="20.297"/>
</testsuite> <!-- testCases.TC_0001_EventCreateDelete -->
