<?xml version="1.0" encoding="UTF-8"?>
<!-- Generated by org.testng.reporters.JUnitReportReporter -->
<testsuite hostname="DESKTOP-OIBG8HT" failures="0" tests="1" name="testCases.TC_0002_RegisterNewAdmin" time="11.932" errors="0" timestamp="2023-12-12T12:32:43 IST" skipped="0">
  <testcase classname="testCases.TC_0002_RegisterNewAdmin" name="testNewAdminCreation" time="11.932"/>
</testsuite> <!-- testCases.TC_0002_RegisterNewAdmin -->
