<?xml version="1.0" encoding="UTF-8"?>
<!-- Generated by org.testng.reporters.JUnitReportReporter -->
<testsuite hostname="DESKTOP-OIBG8HT" failures="0" tests="1" name="testCases.TC_0001_EventCreateDelete" time="32.980" errors="0" timestamp="2023-11-21T13:33:54 IST" skipped="0">
  <testcase classname="testCases.TC_0001_EventCreateDelete" name="tesEeventCreationDeletion" time="32.980"/>
</testsuite> <!-- testCases.TC_0001_EventCreateDelete -->
