<?xml version="1.0" encoding="UTF-8"?>
<!-- Generated by org.testng.reporters.JUnitReportReporter -->
<testsuite hostname="DESKTOP-OIBG8HT" failures="0" tests="1" name="testCases.TC_0002_RegisterNewAdmin" time="10.445" errors="0" timestamp="2023-12-22T00:25:10 IST" skipped="0">
  <testcase classname="testCases.TC_0002_RegisterNewAdmin" name="testNewAdminCreation" time="10.445"/>
</testsuite> <!-- testCases.TC_0002_RegisterNewAdmin -->
