<?xml version="1.0" encoding="UTF-8"?>
<!-- Generated by org.testng.reporters.JUnitReportReporter -->
<testsuite hostname="DESKTOP-OIBG8HT" failures="0" tests="1" name="testCases.TC_0002_RegisterNewAdmin" time="14.792" errors="0" timestamp="2023-12-13T13:34:45 IST" skipped="0">
  <testcase classname="testCases.TC_0002_RegisterNewAdmin" name="testNewAdminCreation" time="14.792"/>
</testsuite> <!-- testCases.TC_0002_RegisterNewAdmin -->
