<?xml version="1.0" encoding="UTF-8"?>
<!-- Generated by org.testng.reporters.JUnitReportReporter -->
<testsuite hostname="DESKTOP-OIBG8HT" failures="0" tests="1" name="testCases.TC_0001_EventCreateDelete" time="23.378" errors="0" timestamp="2023-11-28T17:24:08 IST" skipped="0">
  <testcase classname="testCases.TC_0001_EventCreateDelete" name="tesEeventCreationDeletion" time="23.378"/>
</testsuite> <!-- testCases.TC_0001_EventCreateDelete -->
